0 info it worked if it ends with ok
1 verbose cli [ 'C:\\Program Files\\nodejs\\node.exe',
1 verbose cli   'C:\\Program Files\\nodejs\\node_modules\\npm\\bin\\npm-cli.js',
1 verbose cli   'install',
1 verbose cli   'materialize-css' ]
2 info using npm@3.10.10
3 info using node@v6.10.3
4 verbose config Skipping project config: C:\Users\Vick/.npmrc. (matches userconfig)
5 silly loadCurrentTree Starting
6 silly install loadCurrentTree
7 silly install readLocalPackageData
8 silly fetchPackageMetaData materialize-css
9 silly fetchNamedPackageData materialize-css
10 silly mapToRegistry name materialize-css
11 silly mapToRegistry using default registry
12 silly mapToRegistry registry https://registry.npmjs.org/
13 silly mapToRegistry data Result {
13 silly mapToRegistry   raw: 'materialize-css',
13 silly mapToRegistry   scope: null,
13 silly mapToRegistry   escapedName: 'materialize-css',
13 silly mapToRegistry   name: 'materialize-css',
13 silly mapToRegistry   rawSpec: '',
13 silly mapToRegistry   spec: 'latest',
13 silly mapToRegistry   type: 'tag' }
14 silly mapToRegistry uri https://registry.npmjs.org/materialize-css
15 verbose request uri https://registry.npmjs.org/materialize-css
16 verbose request no auth needed
17 info attempt registry request try #1 at 11:53:51 AM
18 verbose request id 024aabd3402e818f
19 http request GET https://registry.npmjs.org/materialize-css
20 info retry will retry, error on last attempt: Error: tunneling socket could not be established, statusCode=400
21 info attempt registry request try #2 at 11:54:03 AM
22 http request GET https://registry.npmjs.org/materialize-css
23 info retry will retry, error on last attempt: Error: tunneling socket could not be established, statusCode=400
24 info attempt registry request try #3 at 11:55:03 AM
25 http request GET https://registry.npmjs.org/materialize-css
26 silly fetchPackageMetaData Error: tunneling socket could not be established, statusCode=400
26 silly fetchPackageMetaData     at ClientRequest.onConnect (C:\Program Files\nodejs\node_modules\npm\node_modules\request\node_modules\tunnel-agent\index.js:165:19)
26 silly fetchPackageMetaData     at ClientRequest.g (events.js:292:16)
26 silly fetchPackageMetaData     at emitThree (events.js:116:13)
26 silly fetchPackageMetaData     at ClientRequest.emit (events.js:194:7)
26 silly fetchPackageMetaData     at Socket.socketOnData (_http_client.js:394:11)
26 silly fetchPackageMetaData     at emitOne (events.js:96:13)
26 silly fetchPackageMetaData     at Socket.emit (events.js:188:7)
26 silly fetchPackageMetaData     at readableAddChunk (_stream_readable.js:176:18)
26 silly fetchPackageMetaData     at Socket.Readable.push (_stream_readable.js:134:10)
26 silly fetchPackageMetaData     at TCP.onread (net.js:547:20)
26 silly fetchPackageMetaData  error for materialize-css { Error: tunneling socket could not be established, statusCode=400
26 silly fetchPackageMetaData     at ClientRequest.onConnect (C:\Program Files\nodejs\node_modules\npm\node_modules\request\node_modules\tunnel-agent\index.js:165:19)
26 silly fetchPackageMetaData     at ClientRequest.g (events.js:292:16)
26 silly fetchPackageMetaData     at emitThree (events.js:116:13)
26 silly fetchPackageMetaData     at ClientRequest.emit (events.js:194:7)
26 silly fetchPackageMetaData     at Socket.socketOnData (_http_client.js:394:11)
26 silly fetchPackageMetaData     at emitOne (events.js:96:13)
26 silly fetchPackageMetaData     at Socket.emit (events.js:188:7)
26 silly fetchPackageMetaData     at readableAddChunk (_stream_readable.js:176:18)
26 silly fetchPackageMetaData     at Socket.Readable.push (_stream_readable.js:134:10)
26 silly fetchPackageMetaData     at TCP.onread (net.js:547:20) code: 'ECONNRESET' }
27 silly rollbackFailedOptional Starting
28 silly rollbackFailedOptional Finishing
29 silly runTopLevelLifecycles Finishing
30 silly install printInstalled
31 verbose stack Error: tunneling socket could not be established, statusCode=400
31 verbose stack     at ClientRequest.onConnect (C:\Program Files\nodejs\node_modules\npm\node_modules\request\node_modules\tunnel-agent\index.js:165:19)
31 verbose stack     at ClientRequest.g (events.js:292:16)
31 verbose stack     at emitThree (events.js:116:13)
31 verbose stack     at ClientRequest.emit (events.js:194:7)
31 verbose stack     at Socket.socketOnData (_http_client.js:394:11)
31 verbose stack     at emitOne (events.js:96:13)
31 verbose stack     at Socket.emit (events.js:188:7)
31 verbose stack     at readableAddChunk (_stream_readable.js:176:18)
31 verbose stack     at Socket.Readable.push (_stream_readable.js:134:10)
31 verbose stack     at TCP.onread (net.js:547:20)
32 verbose cwd C:\Users\Vick\Desktop\HRApp
33 error Windows_NT 10.0.14393
34 error argv "C:\\Program Files\\nodejs\\node.exe" "C:\\Program Files\\nodejs\\node_modules\\npm\\bin\\npm-cli.js" "install" "materialize-css"
35 error node v6.10.3
36 error npm  v3.10.10
37 error code ECONNRESET
38 error network tunneling socket could not be established, statusCode=400
39 error network This is most likely not a problem with npm itself
39 error network and is related to network connectivity.
39 error network In most cases you are behind a proxy or have bad network settings.
39 error network
39 error network If you are behind a proxy, please make sure that the
39 error network 'proxy' config is set properly.  See: 'npm help config'
40 verbose exit [ 1, true ]
